The system is: CYGWIN - 3.3.4(0.341/5/3) - x86_64
Compiling the C compiler identification source file "CMakeCCompilerId.c" succeeded.
Compiler: /cygdrive/c/ProgramData/Telit/IoT_AppZone_IDE_5x/mingw_msys/bin/gcc.exe 
Build flags: 
Id flags:  

The output was:
0


Compilation of the C compiler identification source "CMakeCCompilerId.c" produced "a.exe"

The C compiler identification is GNU, found in "/cygdrive/d/ะก/data_structure/cmake-build-debug-cygwin/CMakeFiles/3.21.1/CompilerIdC/a.exe"

Compiling the C compiler identification source file "CMakeCCompilerId.c" succeeded.
Compiler: /cygdrive/c/ProgramData/Telit/IoT_AppZone_IDE_5x/mingw_msys/bin/gcc.exe 
Build flags: 
Id flags:  

The output was:
0


Compilation of the C compiler identification source "CMakeCCompilerId.c" produced "a.exe"

The C compiler identification is GNU, found in "/cygdrive/d/ะก/data_structure/cmake-build-debug-cygwin/CMakeFiles/3.21.1/CompilerIdC/a.exe"

Compiling the C compiler identification source file "CMakeCCompilerId.c" succeeded.
Compiler: /cygdrive/c/ProgramData/Telit/IoT_AppZone_IDE_5x/mingw_msys/bin/gcc.exe 
Build flags: 
Id flags:  

The output was:
0


Compilation of the C compiler identification source "CMakeCCompilerId.c" produced "a.exe"

The C compiler identification is GNU, found in "/cygdrive/d/ะก/data_structure/cmake-build-debug-cygwin/CMakeFiles/3.21.1/CompilerIdC/a.exe"

